::1 - - [26/Dec/2021:10:23:34 +0000] "GET / HTTP/1.1" 404 21 "-" "Mozilla/5.0 (Macintosh; Intel Mac OS X 10_15_7) AppleWebKit/537.36 (KHTML, like Gecko) Chrome/96.0.4664.110 Safari/537.36"
::1 - - [26/Dec/2021:10:24:10 +0000] "GET /api/v1/products HTTP/1.1" 200 399 "-" "Mozilla/5.0 (Macintosh; Intel Mac OS X 10_15_7) AppleWebKit/537.36 (KHTML, like Gecko) Chrome/96.0.4664.110 Safari/537.36"
::1 - - [26/Dec/2021:10:25:26 +0000] "GET /api/v1/products/61c4c2accd52e16431d045eb HTTP/1.1" 200 174 "-" "PostmanRuntime/7.28.4"
::1 - - [26/Dec/2021:12:25:19 +0000] "GET /%PUBLIC_URL%/manifest.json HTTP/1.1" 404 21 "http://localhost:8000/" "Mozilla/5.0 (Macintosh; Intel Mac OS X 10_15_7) AppleWebKit/537.36 (KHTML, like Gecko) Chrome/96.0.4664.110 Safari/537.36"
::1 - - [26/Dec/2021:12:25:19 +0000] "GET /%PUBLIC_URL%/favicon.ico HTTP/1.1" 404 21 "http://localhost:8000/" "Mozilla/5.0 (Macintosh; Intel Mac OS X 10_15_7) AppleWebKit/537.36 (KHTML, like Gecko) Chrome/96.0.4664.110 Safari/537.36"
::1 - - [26/Dec/2021:12:25:24 +0000] "GET /%PUBLIC_URL%/manifest.json HTTP/1.1" 404 21 "http://localhost:8000/" "Mozilla/5.0 (Macintosh; Intel Mac OS X 10_15_7) AppleWebKit/537.36 (KHTML, like Gecko) Chrome/96.0.4664.110 Safari/537.36"
::1 - - [26/Dec/2021:12:34:13 +0000] "GET /api/v1/products HTTP/1.1" 304 - "-" "Mozilla/5.0 (Macintosh; Intel Mac OS X 10_15_7) AppleWebKit/537.36 (KHTML, like Gecko) Chrome/96.0.4664.110 Safari/537.36"
::1 - - [26/Dec/2021:12:57:53 +0000] "GET / HTTP/1.1" 404 21 "-" "Mozilla/5.0 (Macintosh; Intel Mac OS X 10_15_7) AppleWebKit/537.36 (KHTML, like Gecko) Chrome/96.0.4664.110 Safari/537.36"
::1 - - [26/Dec/2021:13:13:35 +0000] "GET /api/v1/products HTTP/1.1" 200 399 "-" "PostmanRuntime/7.28.4"
::1 - - [26/Dec/2021:13:28:36 +0000] "GET /api-docs HTTP/1.1" 404 21 "-" "Mozilla/5.0 (Macintosh; Intel Mac OS X 10_15_7) AppleWebKit/537.36 (KHTML, like Gecko) Chrome/96.0.4664.110 Safari/537.36"
::1 - - [26/Dec/2021:13:28:41 +0000] "GET /api-docs HTTP/1.1" 404 21 "-" "Mozilla/5.0 (Macintosh; Intel Mac OS X 10_15_7) AppleWebKit/537.36 (KHTML, like Gecko) Chrome/96.0.4664.110 Safari/537.36"
::1 - - [26/Dec/2021:13:29:03 +0000] "GET /api-docs HTTP/1.1" 404 21 "-" "Mozilla/5.0 (Macintosh; Intel Mac OS X 10_15_7) AppleWebKit/537.36 (KHTML, like Gecko) Chrome/96.0.4664.110 Safari/537.36"
::1 - - [26/Dec/2021:13:29:05 +0000] "GET /api-docs HTTP/1.1" 404 21 "-" "Mozilla/5.0 (Macintosh; Intel Mac OS X 10_15_7) AppleWebKit/537.36 (KHTML, like Gecko) Chrome/96.0.4664.110 Safari/537.36"
::1 - - [26/Dec/2021:13:30:01 +0000] "GET /api-docs HTTP/1.1" 404 21 "-" "Mozilla/5.0 (Macintosh; Intel Mac OS X 10_15_7) AppleWebKit/537.36 (KHTML, like Gecko) Chrome/96.0.4664.110 Safari/537.36"
::1 - - [26/Dec/2021:13:31:10 +0000] "GET /api/v1/api-docs HTTP/1.1" 404 21 "-" "Mozilla/5.0 (Macintosh; Intel Mac OS X 10_15_7) AppleWebKit/537.36 (KHTML, like Gecko) Chrome/96.0.4664.110 Safari/537.36"
::1 - - [26/Dec/2021:13:31:30 +0000] "GET /api/v1/api-docs HTTP/1.1" 404 21 "-" "Mozilla/5.0 (Macintosh; Intel Mac OS X 10_15_7) AppleWebKit/537.36 (KHTML, like Gecko) Chrome/96.0.4664.110 Safari/537.36"
::1 - - [26/Dec/2021:13:31:37 +0000] "GET /api-docs HTTP/1.1" 404 21 "-" "Mozilla/5.0 (Macintosh; Intel Mac OS X 10_15_7) AppleWebKit/537.36 (KHTML, like Gecko) Chrome/96.0.4664.110 Safari/537.36"
::1 - - [26/Dec/2021:16:09:52 +0000] "GET /api/v1/products HTTP/1.1" 304 - "-" "Mozilla/5.0 (Macintosh; Intel Mac OS X 10_15_7) AppleWebKit/537.36 (KHTML, like Gecko) Chrome/96.0.4664.110 Safari/537.36"
::1 - - [26/Dec/2021:16:10:51 +0000] "GET /api/v1/products HTTP/1.1" 304 - "-" "Mozilla/5.0 (Macintosh; Intel Mac OS X 10_15_7) AppleWebKit/537.36 (KHTML, like Gecko) Chrome/96.0.4664.110 Safari/537.36"
::1 - - [02/Jan/2022:08:11:38 +0000] "GET / HTTP/1.1" 404 21 "-" "Mozilla/5.0 (Macintosh; Intel Mac OS X 10_15_7) AppleWebKit/537.36 (KHTML, like Gecko) Chrome/96.0.4664.110 Safari/537.36"
::1 - - [02/Jan/2022:08:11:45 +0000] "GET /api/v1/products HTTP/1.1" 304 - "-" "Mozilla/5.0 (Macintosh; Intel Mac OS X 10_15_7) AppleWebKit/537.36 (KHTML, like Gecko) Chrome/96.0.4664.110 Safari/537.36"
